<?xml version="1.0" encoding="UTF-8"?>
<!-- Generated by org.testng.reporters.JUnitReportReporter -->
<testsuite hostname="DESKTOP-RUP04LH" failures="0" tests="1" name="ExcelReadData2" time="1.441" errors="0" timestamp="13 Mar 2023 11:33:43 GMT" skipped="0">
  <testcase classname="ExcelReadData2" name="LoginTest" time="1.441"/>
</testsuite> <!-- ExcelReadData2 -->
