<?xml version="1.0" encoding="UTF-8"?>
<!-- Generated by org.testng.reporters.JUnitReportReporter -->
<testsuite hostname="DESKTOP-RUP04LH" failures="0" tests="2" name="ExcelReadData3" time="16.368" errors="0" timestamp="13 Mar 2023 12:20:02 GMT" skipped="0">
  <testcase classname="ExcelReadData3" name="LoginTest" time="9.360"/>
  <testcase classname="ExcelReadData3" name="LoginTest" time="7.008"/>
</testsuite> <!-- ExcelReadData3 -->
